The system is: Linux - 3.13.0-86-generic - x86_64
Compiling the C compiler identification source file "CMakeCCompilerId.c" succeeded.
Compiler: /usr/bin/cc 
Build flags: 
Id flags: 

The output was:
0


Compilation of the C compiler identification source "CMakeCCompilerId.c" produced "a.out"

The C compiler identification is GNU, found in "/home/chris/validation/code/build/CMakeFiles/2.8.12.2/CompilerIdC/a.out"

Compiling the CXX compiler identification source file "CMakeCXXCompilerId.cpp" succeeded.
Compiler: /usr/bin/c++ 
Build flags: 
Id flags: 

The output was:
0


Compilation of the CXX compiler identification source "CMakeCXXCompilerId.cpp" produced "a.out"

The CXX compiler identification is GNU, found in "/home/chris/validation/code/build/CMakeFiles/2.8.12.2/CompilerIdCXX/a.out"

Determining if the C compiler works passed with the following output:
Change Dir: /home/chris/validation/code/build/CMakeFiles/CMakeTmp

Run Build Command:/usr/bin/make "cmTryCompileExec4283698121/fast"
/usr/bin/make -f CMakeFiles/cmTryCompileExec4283698121.dir/build.make CMakeFiles/cmTryCompileExec4283698121.dir/build
make[1]: Entering directory `/home/chris/validation/code/build/CMakeFiles/CMakeTmp'
/usr/bin/cmake -E cmake_progress_report /home/chris/validation/code/build/CMakeFiles/CMakeTmp/CMakeFiles 1
Building C object CMakeFiles/cmTryCompileExec4283698121.dir/testCCompiler.c.o
/usr/bin/cc    -o CMakeFiles/cmTryCompileExec4283698121.dir/testCCompiler.c.o   -c /home/chris/validation/code/build/CMakeFiles/CMakeTmp/testCCompiler.c
Linking C executable cmTryCompileExec4283698121
/usr/bin/cmake -E cmake_link_script CMakeFiles/cmTryCompileExec4283698121.dir/link.txt --verbose=1
/usr/bin/cc       CMakeFiles/cmTryCompileExec4283698121.dir/testCCompiler.c.o  -o cmTryCompileExec4283698121 -rdynamic 
make[1]: Leaving directory `/home/chris/validation/code/build/CMakeFiles/CMakeTmp'


Detecting C compiler ABI info compiled with the following output:
Change Dir: /home/chris/validation/code/build/CMakeFiles/CMakeTmp

Run Build Command:/usr/bin/make "cmTryCompileExec70279631/fast"
/usr/bin/make -f CMakeFiles/cmTryCompileExec70279631.dir/build.make CMakeFiles/cmTryCompileExec70279631.dir/build
make[1]: Entering directory `/home/chris/validation/code/build/CMakeFiles/CMakeTmp'
/usr/bin/cmake -E cmake_progress_report /home/chris/validation/code/build/CMakeFiles/CMakeTmp/CMakeFiles 1
Building C object CMakeFiles/cmTryCompileExec70279631.dir/CMakeCCompilerABI.c.o
/usr/bin/cc    -o CMakeFiles/cmTryCompileExec70279631.dir/CMakeCCompilerABI.c.o   -c /usr/share/cmake-2.8/Modules/CMakeCCompilerABI.c
Linking C executable cmTryCompileExec70279631
/usr/bin/cmake -E cmake_link_script CMakeFiles/cmTryCompileExec70279631.dir/link.txt --verbose=1
/usr/bin/cc     -v CMakeFiles/cmTryCompileExec70279631.dir/CMakeCCompilerABI.c.o  -o cmTryCompileExec70279631 -rdynamic  
Using built-in specs.
COLLECT_GCC=/usr/bin/cc
COLLECT_LTO_WRAPPER=/usr/lib/gcc/x86_64-linux-gnu/4.8/lto-wrapper
Target: x86_64-linux-gnu
Configured with: ../src/configure -v --with-pkgversion='Ubuntu 4.8.4-2ubuntu1~14.04.3' --with-bugurl=file:///usr/share/doc/gcc-4.8/README.Bugs --enable-languages=c,c++,java,go,d,fortran,objc,obj-c++ --prefix=/usr --program-suffix=-4.8 --enable-shared --enable-linker-build-id --libexecdir=/usr/lib --without-included-gettext --enable-threads=posix --with-gxx-include-dir=/usr/include/c++/4.8 --libdir=/usr/lib --enable-nls --with-sysroot=/ --enable-clocale=gnu --enable-libstdcxx-debug --enable-libstdcxx-time=yes --enable-gnu-unique-object --disable-libmudflap --enable-plugin --with-system-zlib --disable-browser-plugin --enable-java-awt=gtk --enable-gtk-cairo --with-java-home=/usr/lib/jvm/java-1.5.0-gcj-4.8-amd64/jre --enable-java-home --with-jvm-root-dir=/usr/lib/jvm/java-1.5.0-gcj-4.8-amd64 --with-jvm-jar-dir=/usr/lib/jvm-exports/java-1.5.0-gcj-4.8-amd64 --with-arch-directory=amd64 --with-ecj-jar=/usr/share/java/eclipse-ecj.jar --enable-objc-gc --enable-multiarch --disable-werror --with-arch-32=i686 --with-abi=m64 --with-multilib-list=m32,m64,mx32 --with-tune=generic --enable-checking=release --build=x86_64-linux-gnu --host=x86_64-linux-gnu --target=x86_64-linux-gnu
Thread model: posix
gcc version 4.8.4 (Ubuntu 4.8.4-2ubuntu1~14.04.3) 
COMPILER_PATH=/usr/lib/gcc/x86_64-linux-gnu/4.8/:/usr/lib/gcc/x86_64-linux-gnu/4.8/:/usr/lib/gcc/x86_64-linux-gnu/:/usr/lib/gcc/x86_64-linux-gnu/4.8/:/usr/lib/gcc/x86_64-linux-gnu/
LIBRARY_PATH=/usr/lib/gcc/x86_64-linux-gnu/4.8/:/usr/lib/gcc/x86_64-linux-gnu/4.8/../../../x86_64-linux-gnu/:/usr/lib/gcc/x86_64-linux-gnu/4.8/../../../../lib/:/lib/x86_64-linux-gnu/:/lib/../lib/:/usr/lib/x86_64-linux-gnu/:/usr/lib/../lib/:/usr/lib/gcc/x86_64-linux-gnu/4.8/../../../:/lib/:/usr/lib/
COLLECT_GCC_OPTIONS='-v' '-o' 'cmTryCompileExec70279631' '-rdynamic' '-mtune=generic' '-march=x86-64'
 /usr/lib/gcc/x86_64-linux-gnu/4.8/collect2 --sysroot=/ --build-id --eh-frame-hdr -m elf_x86_64 --hash-style=gnu --as-needed -export-dynamic -dynamic-linker /lib64/ld-linux-x86-64.so.2 -z relro -o cmTryCompileExec70279631 /usr/lib/gcc/x86_64-linux-gnu/4.8/../../../x86_64-linux-gnu/crt1.o /usr/lib/gcc/x86_64-linux-gnu/4.8/../../../x86_64-linux-gnu/crti.o /usr/lib/gcc/x86_64-linux-gnu/4.8/crtbegin.o -L/usr/lib/gcc/x86_64-linux-gnu/4.8 -L/usr/lib/gcc/x86_64-linux-gnu/4.8/../../../x86_64-linux-gnu -L/usr/lib/gcc/x86_64-linux-gnu/4.8/../../../../lib -L/lib/x86_64-linux-gnu -L/lib/../lib -L/usr/lib/x86_64-linux-gnu -L/usr/lib/../lib -L/usr/lib/gcc/x86_64-linux-gnu/4.8/../../.. CMakeFiles/cmTryCompileExec70279631.dir/CMakeCCompilerABI.c.o -lgcc --as-needed -lgcc_s --no-as-needed -lc -lgcc --as-needed -lgcc_s --no-as-needed /usr/lib/gcc/x86_64-linux-gnu/4.8/crtend.o /usr/lib/gcc/x86_64-linux-gnu/4.8/../../../x86_64-linux-gnu/crtn.o
make[1]: Leaving directory `/home/chris/validation/code/build/CMakeFiles/CMakeTmp'


Parsed C implicit link information from above output:
  link line regex: [^( *|.*[/\])(ld|([^/\]+-)?ld|collect2)[^/\]*( |$)]
  ignore line: [Change Dir: /home/chris/validation/code/build/CMakeFiles/CMakeTmp]
  ignore line: []
  ignore line: [Run Build Command:/usr/bin/make "cmTryCompileExec70279631/fast"]
  ignore line: [/usr/bin/make -f CMakeFiles/cmTryCompileExec70279631.dir/build.make CMakeFiles/cmTryCompileExec70279631.dir/build]
  ignore line: [make[1]: Entering directory `/home/chris/validation/code/build/CMakeFiles/CMakeTmp']
  ignore line: [/usr/bin/cmake -E cmake_progress_report /home/chris/validation/code/build/CMakeFiles/CMakeTmp/CMakeFiles 1]
  ignore line: [Building C object CMakeFiles/cmTryCompileExec70279631.dir/CMakeCCompilerABI.c.o]
  ignore line: [/usr/bin/cc    -o CMakeFiles/cmTryCompileExec70279631.dir/CMakeCCompilerABI.c.o   -c /usr/share/cmake-2.8/Modules/CMakeCCompilerABI.c]
  ignore line: [Linking C executable cmTryCompileExec70279631]
  ignore line: [/usr/bin/cmake -E cmake_link_script CMakeFiles/cmTryCompileExec70279631.dir/link.txt --verbose=1]
  ignore line: [/usr/bin/cc     -v CMakeFiles/cmTryCompileExec70279631.dir/CMakeCCompilerABI.c.o  -o cmTryCompileExec70279631 -rdynamic  ]
  ignore line: [Using built-in specs.]
  ignore line: [COLLECT_GCC=/usr/bin/cc]
  ignore line: [COLLECT_LTO_WRAPPER=/usr/lib/gcc/x86_64-linux-gnu/4.8/lto-wrapper]
  ignore line: [Target: x86_64-linux-gnu]
  ignore line: [Configured with: ../src/configure -v --with-pkgversion='Ubuntu 4.8.4-2ubuntu1~14.04.3' --with-bugurl=file:///usr/share/doc/gcc-4.8/README.Bugs --enable-languages=c,c++,java,go,d,fortran,objc,obj-c++ --prefix=/usr --program-suffix=-4.8 --enable-shared --enable-linker-build-id --libexecdir=/usr/lib --without-included-gettext --enable-threads=posix --with-gxx-include-dir=/usr/include/c++/4.8 --libdir=/usr/lib --enable-nls --with-sysroot=/ --enable-clocale=gnu --enable-libstdcxx-debug --enable-libstdcxx-time=yes --enable-gnu-unique-object --disable-libmudflap --enable-plugin --with-system-zlib --disable-browser-plugin --enable-java-awt=gtk --enable-gtk-cairo --with-java-home=/usr/lib/jvm/java-1.5.0-gcj-4.8-amd64/jre --enable-java-home --with-jvm-root-dir=/usr/lib/jvm/java-1.5.0-gcj-4.8-amd64 --with-jvm-jar-dir=/usr/lib/jvm-exports/java-1.5.0-gcj-4.8-amd64 --with-arch-directory=amd64 --with-ecj-jar=/usr/share/java/eclipse-ecj.jar --enable-objc-gc --enable-multiarch --disable-werror --with-arch-32=i686 --with-abi=m64 --with-multilib-list=m32,m64,mx32 --with-tune=generic --enable-checking=release --build=x86_64-linux-gnu --host=x86_64-linux-gnu --target=x86_64-linux-gnu]
  ignore line: [Thread model: posix]
  ignore line: [gcc version 4.8.4 (Ubuntu 4.8.4-2ubuntu1~14.04.3) ]
  ignore line: [COMPILER_PATH=/usr/lib/gcc/x86_64-linux-gnu/4.8/:/usr/lib/gcc/x86_64-linux-gnu/4.8/:/usr/lib/gcc/x86_64-linux-gnu/:/usr/lib/gcc/x86_64-linux-gnu/4.8/:/usr/lib/gcc/x86_64-linux-gnu/]
  ignore line: [LIBRARY_PATH=/usr/lib/gcc/x86_64-linux-gnu/4.8/:/usr/lib/gcc/x86_64-linux-gnu/4.8/../../../x86_64-linux-gnu/:/usr/lib/gcc/x86_64-linux-gnu/4.8/../../../../lib/:/lib/x86_64-linux-gnu/:/lib/../lib/:/usr/lib/x86_64-linux-gnu/:/usr/lib/../lib/:/usr/lib/gcc/x86_64-linux-gnu/4.8/../../../:/lib/:/usr/lib/]
  ignore line: [COLLECT_GCC_OPTIONS='-v' '-o' 'cmTryCompileExec70279631' '-rdynamic' '-mtune=generic' '-march=x86-64']
  link line: [ /usr/lib/gcc/x86_64-linux-gnu/4.8/collect2 --sysroot=/ --build-id --eh-frame-hdr -m elf_x86_64 --hash-style=gnu --as-needed -export-dynamic -dynamic-linker /lib64/ld-linux-x86-64.so.2 -z relro -o cmTryCompileExec70279631 /usr/lib/gcc/x86_64-linux-gnu/4.8/../../../x86_64-linux-gnu/crt1.o /usr/lib/gcc/x86_64-linux-gnu/4.8/../../../x86_64-linux-gnu/crti.o /usr/lib/gcc/x86_64-linux-gnu/4.8/crtbegin.o -L/usr/lib/gcc/x86_64-linux-gnu/4.8 -L/usr/lib/gcc/x86_64-linux-gnu/4.8/../../../x86_64-linux-gnu -L/usr/lib/gcc/x86_64-linux-gnu/4.8/../../../../lib -L/lib/x86_64-linux-gnu -L/lib/../lib -L/usr/lib/x86_64-linux-gnu -L/usr/lib/../lib -L/usr/lib/gcc/x86_64-linux-gnu/4.8/../../.. CMakeFiles/cmTryCompileExec70279631.dir/CMakeCCompilerABI.c.o -lgcc --as-needed -lgcc_s --no-as-needed -lc -lgcc --as-needed -lgcc_s --no-as-needed /usr/lib/gcc/x86_64-linux-gnu/4.8/crtend.o /usr/lib/gcc/x86_64-linux-gnu/4.8/../../../x86_64-linux-gnu/crtn.o]
    arg [/usr/lib/gcc/x86_64-linux-gnu/4.8/collect2] ==> ignore
    arg [--sysroot=/] ==> ignore
    arg [--build-id] ==> ignore
    arg [--eh-frame-hdr] ==> ignore
    arg [-m] ==> ignore
    arg [elf_x86_64] ==> ignore
    arg [--hash-style=gnu] ==> ignore
    arg [--as-needed] ==> ignore
    arg [-export-dynamic] ==> ignore
    arg [-dynamic-linker] ==> ignore
    arg [/lib64/ld-linux-x86-64.so.2] ==> ignore
    arg [-zrelro] ==> ignore
    arg [-o] ==> ignore
    arg [cmTryCompileExec70279631] ==> ignore
    arg [/usr/lib/gcc/x86_64-linux-gnu/4.8/../../../x86_64-linux-gnu/crt1.o] ==> ignore
    arg [/usr/lib/gcc/x86_64-linux-gnu/4.8/../../../x86_64-linux-gnu/crti.o] ==> ignore
    arg [/usr/lib/gcc/x86_64-linux-gnu/4.8/crtbegin.o] ==> ignore
    arg [-L/usr/lib/gcc/x86_64-linux-gnu/4.8] ==> dir [/usr/lib/gcc/x86_64-linux-gnu/4.8]
    arg [-L/usr/lib/gcc/x86_64-linux-gnu/4.8/../../../x86_64-linux-gnu] ==> dir [/usr/lib/gcc/x86_64-linux-gnu/4.8/../../../x86_64-linux-gnu]
    arg [-L/usr/lib/gcc/x86_64-linux-gnu/4.8/../../../../lib] ==> dir [/usr/lib/gcc/x86_64-linux-gnu/4.8/../../../../lib]
    arg [-L/lib/x86_64-linux-gnu] ==> dir [/lib/x86_64-linux-gnu]
    arg [-L/lib/../lib] ==> dir [/lib/../lib]
    arg [-L/usr/lib/x86_64-linux-gnu] ==> dir [/usr/lib/x86_64-linux-gnu]
    arg [-L/usr/lib/../lib] ==> dir [/usr/lib/../lib]
    arg [-L/usr/lib/gcc/x86_64-linux-gnu/4.8/../../..] ==> dir [/usr/lib/gcc/x86_64-linux-gnu/4.8/../../..]
    arg [CMakeFiles/cmTryCompileExec70279631.dir/CMakeCCompilerABI.c.o] ==> ignore
    arg [-lgcc] ==> lib [gcc]
    arg [--as-needed] ==> ignore
    arg [-lgcc_s] ==> lib [gcc_s]
    arg [--no-as-needed] ==> ignore
    arg [-lc] ==> lib [c]
    arg [-lgcc] ==> lib [gcc]
    arg [--as-needed] ==> ignore
    arg [-lgcc_s] ==> lib [gcc_s]
    arg [--no-as-needed] ==> ignore
    arg [/usr/lib/gcc/x86_64-linux-gnu/4.8/crtend.o] ==> ignore
    arg [/usr/lib/gcc/x86_64-linux-gnu/4.8/../../../x86_64-linux-gnu/crtn.o] ==> ignore
  remove lib [gcc]
  remove lib [gcc_s]
  remove lib [gcc]
  remove lib [gcc_s]
  collapse library dir [/usr/lib/gcc/x86_64-linux-gnu/4.8] ==> [/usr/lib/gcc/x86_64-linux-gnu/4.8]
  collapse library dir [/usr/lib/gcc/x86_64-linux-gnu/4.8/../../../x86_64-linux-gnu] ==> [/usr/lib/x86_64-linux-gnu]
  collapse library dir [/usr/lib/gcc/x86_64-linux-gnu/4.8/../../../../lib] ==> [/usr/lib]
  collapse library dir [/lib/x86_64-linux-gnu] ==> [/lib/x86_64-linux-gnu]
  collapse library dir [/lib/../lib] ==> [/lib]
  collapse library dir [/usr/lib/x86_64-linux-gnu] ==> [/usr/lib/x86_64-linux-gnu]
  collapse library dir [/usr/lib/../lib] ==> [/usr/lib]
  collapse library dir [/usr/lib/gcc/x86_64-linux-gnu/4.8/../../..] ==> [/usr/lib]
  implicit libs: [c]
  implicit dirs: [/usr/lib/gcc/x86_64-linux-gnu/4.8;/usr/lib/x86_64-linux-gnu;/usr/lib;/lib/x86_64-linux-gnu;/lib]
  implicit fwks: []


Determining if the CXX compiler works passed with the following output:
Change Dir: /home/chris/validation/code/build/CMakeFiles/CMakeTmp

Run Build Command:/usr/bin/make "cmTryCompileExec1982804926/fast"
/usr/bin/make -f CMakeFiles/cmTryCompileExec1982804926.dir/build.make CMakeFiles/cmTryCompileExec1982804926.dir/build
make[1]: Entering directory `/home/chris/validation/code/build/CMakeFiles/CMakeTmp'
/usr/bin/cmake -E cmake_progress_report /home/chris/validation/code/build/CMakeFiles/CMakeTmp/CMakeFiles 1
Building CXX object CMakeFiles/cmTryCompileExec1982804926.dir/testCXXCompiler.cxx.o
/usr/bin/c++     -o CMakeFiles/cmTryCompileExec1982804926.dir/testCXXCompiler.cxx.o -c /home/chris/validation/code/build/CMakeFiles/CMakeTmp/testCXXCompiler.cxx
Linking CXX executable cmTryCompileExec1982804926
/usr/bin/cmake -E cmake_link_script CMakeFiles/cmTryCompileExec1982804926.dir/link.txt --verbose=1
/usr/bin/c++        CMakeFiles/cmTryCompileExec1982804926.dir/testCXXCompiler.cxx.o  -o cmTryCompileExec1982804926 -rdynamic 
make[1]: Leaving directory `/home/chris/validation/code/build/CMakeFiles/CMakeTmp'


Detecting CXX compiler ABI info compiled with the following output:
Change Dir: /home/chris/validation/code/build/CMakeFiles/CMakeTmp

Run Build Command:/usr/bin/make "cmTryCompileExec2923612987/fast"
/usr/bin/make -f CMakeFiles/cmTryCompileExec2923612987.dir/build.make CMakeFiles/cmTryCompileExec2923612987.dir/build
make[1]: Entering directory `/home/chris/validation/code/build/CMakeFiles/CMakeTmp'
/usr/bin/cmake -E cmake_progress_report /home/chris/validation/code/build/CMakeFiles/CMakeTmp/CMakeFiles 1
Building CXX object CMakeFiles/cmTryCompileExec2923612987.dir/CMakeCXXCompilerABI.cpp.o
/usr/bin/c++     -o CMakeFiles/cmTryCompileExec2923612987.dir/CMakeCXXCompilerABI.cpp.o -c /usr/share/cmake-2.8/Modules/CMakeCXXCompilerABI.cpp
Linking CXX executable cmTryCompileExec2923612987
/usr/bin/cmake -E cmake_link_script CMakeFiles/cmTryCompileExec2923612987.dir/link.txt --verbose=1
/usr/bin/c++      -v CMakeFiles/cmTryCompileExec2923612987.dir/CMakeCXXCompilerABI.cpp.o  -o cmTryCompileExec2923612987 -rdynamic  
Using built-in specs.
COLLECT_GCC=/usr/bin/c++
COLLECT_LTO_WRAPPER=/usr/lib/gcc/x86_64-linux-gnu/4.8/lto-wrapper
Target: x86_64-linux-gnu
Configured with: ../src/configure -v --with-pkgversion='Ubuntu 4.8.4-2ubuntu1~14.04.3' --with-bugurl=file:///usr/share/doc/gcc-4.8/README.Bugs --enable-languages=c,c++,java,go,d,fortran,objc,obj-c++ --prefix=/usr --program-suffix=-4.8 --enable-shared --enable-linker-build-id --libexecdir=/usr/lib --without-included-gettext --enable-threads=posix --with-gxx-include-dir=/usr/include/c++/4.8 --libdir=/usr/lib --enable-nls --with-sysroot=/ --enable-clocale=gnu --enable-libstdcxx-debug --enable-libstdcxx-time=yes --enable-gnu-unique-object --disable-libmudflap --enable-plugin --with-system-zlib --disable-browser-plugin --enable-java-awt=gtk --enable-gtk-cairo --with-java-home=/usr/lib/jvm/java-1.5.0-gcj-4.8-amd64/jre --enable-java-home --with-jvm-root-dir=/usr/lib/jvm/java-1.5.0-gcj-4.8-amd64 --with-jvm-jar-dir=/usr/lib/jvm-exports/java-1.5.0-gcj-4.8-amd64 --with-arch-directory=amd64 --with-ecj-jar=/usr/share/java/eclipse-ecj.jar --enable-objc-gc --enable-multiarch --disable-werror --with-arch-32=i686 --with-abi=m64 --with-multilib-list=m32,m64,mx32 --with-tune=generic --enable-checking=release --build=x86_64-linux-gnu --host=x86_64-linux-gnu --target=x86_64-linux-gnu
Thread model: posix
gcc version 4.8.4 (Ubuntu 4.8.4-2ubuntu1~14.04.3) 
COMPILER_PATH=/usr/lib/gcc/x86_64-linux-gnu/4.8/:/usr/lib/gcc/x86_64-linux-gnu/4.8/:/usr/lib/gcc/x86_64-linux-gnu/:/usr/lib/gcc/x86_64-linux-gnu/4.8/:/usr/lib/gcc/x86_64-linux-gnu/
LIBRARY_PATH=/usr/lib/gcc/x86_64-linux-gnu/4.8/:/usr/lib/gcc/x86_64-linux-gnu/4.8/../../../x86_64-linux-gnu/:/usr/lib/gcc/x86_64-linux-gnu/4.8/../../../../lib/:/lib/x86_64-linux-gnu/:/lib/../lib/:/usr/lib/x86_64-linux-gnu/:/usr/lib/../lib/:/usr/lib/gcc/x86_64-linux-gnu/4.8/../../../:/lib/:/usr/lib/
COLLECT_GCC_OPTIONS='-v' '-o' 'cmTryCompileExec2923612987' '-rdynamic' '-shared-libgcc' '-mtune=generic' '-march=x86-64'
 /usr/lib/gcc/x86_64-linux-gnu/4.8/collect2 --sysroot=/ --build-id --eh-frame-hdr -m elf_x86_64 --hash-style=gnu --as-needed -export-dynamic -dynamic-linker /lib64/ld-linux-x86-64.so.2 -z relro -o cmTryCompileExec2923612987 /usr/lib/gcc/x86_64-linux-gnu/4.8/../../../x86_64-linux-gnu/crt1.o /usr/lib/gcc/x86_64-linux-gnu/4.8/../../../x86_64-linux-gnu/crti.o /usr/lib/gcc/x86_64-linux-gnu/4.8/crtbegin.o -L/usr/lib/gcc/x86_64-linux-gnu/4.8 -L/usr/lib/gcc/x86_64-linux-gnu/4.8/../../../x86_64-linux-gnu -L/usr/lib/gcc/x86_64-linux-gnu/4.8/../../../../lib -L/lib/x86_64-linux-gnu -L/lib/../lib -L/usr/lib/x86_64-linux-gnu -L/usr/lib/../lib -L/usr/lib/gcc/x86_64-linux-gnu/4.8/../../.. CMakeFiles/cmTryCompileExec2923612987.dir/CMakeCXXCompilerABI.cpp.o -lstdc++ -lm -lgcc_s -lgcc -lc -lgcc_s -lgcc /usr/lib/gcc/x86_64-linux-gnu/4.8/crtend.o /usr/lib/gcc/x86_64-linux-gnu/4.8/../../../x86_64-linux-gnu/crtn.o
make[1]: Leaving directory `/home/chris/validation/code/build/CMakeFiles/CMakeTmp'


Parsed CXX implicit link information from above output:
  link line regex: [^( *|.*[/\])(ld|([^/\]+-)?ld|collect2)[^/\]*( |$)]
  ignore line: [Change Dir: /home/chris/validation/code/build/CMakeFiles/CMakeTmp]
  ignore line: []
  ignore line: [Run Build Command:/usr/bin/make "cmTryCompileExec2923612987/fast"]
  ignore line: [/usr/bin/make -f CMakeFiles/cmTryCompileExec2923612987.dir/build.make CMakeFiles/cmTryCompileExec2923612987.dir/build]
  ignore line: [make[1]: Entering directory `/home/chris/validation/code/build/CMakeFiles/CMakeTmp']
  ignore line: [/usr/bin/cmake -E cmake_progress_report /home/chris/validation/code/build/CMakeFiles/CMakeTmp/CMakeFiles 1]
  ignore line: [Building CXX object CMakeFiles/cmTryCompileExec2923612987.dir/CMakeCXXCompilerABI.cpp.o]
  ignore line: [/usr/bin/c++     -o CMakeFiles/cmTryCompileExec2923612987.dir/CMakeCXXCompilerABI.cpp.o -c /usr/share/cmake-2.8/Modules/CMakeCXXCompilerABI.cpp]
  ignore line: [Linking CXX executable cmTryCompileExec2923612987]
  ignore line: [/usr/bin/cmake -E cmake_link_script CMakeFiles/cmTryCompileExec2923612987.dir/link.txt --verbose=1]
  ignore line: [/usr/bin/c++      -v CMakeFiles/cmTryCompileExec2923612987.dir/CMakeCXXCompilerABI.cpp.o  -o cmTryCompileExec2923612987 -rdynamic  ]
  ignore line: [Using built-in specs.]
  ignore line: [COLLECT_GCC=/usr/bin/c++]
  ignore line: [COLLECT_LTO_WRAPPER=/usr/lib/gcc/x86_64-linux-gnu/4.8/lto-wrapper]
  ignore line: [Target: x86_64-linux-gnu]
  ignore line: [Configured with: ../src/configure -v --with-pkgversion='Ubuntu 4.8.4-2ubuntu1~14.04.3' --with-bugurl=file:///usr/share/doc/gcc-4.8/README.Bugs --enable-languages=c,c++,java,go,d,fortran,objc,obj-c++ --prefix=/usr --program-suffix=-4.8 --enable-shared --enable-linker-build-id --libexecdir=/usr/lib --without-included-gettext --enable-threads=posix --with-gxx-include-dir=/usr/include/c++/4.8 --libdir=/usr/lib --enable-nls --with-sysroot=/ --enable-clocale=gnu --enable-libstdcxx-debug --enable-libstdcxx-time=yes --enable-gnu-unique-object --disable-libmudflap --enable-plugin --with-system-zlib --disable-browser-plugin --enable-java-awt=gtk --enable-gtk-cairo --with-java-home=/usr/lib/jvm/java-1.5.0-gcj-4.8-amd64/jre --enable-java-home --with-jvm-root-dir=/usr/lib/jvm/java-1.5.0-gcj-4.8-amd64 --with-jvm-jar-dir=/usr/lib/jvm-exports/java-1.5.0-gcj-4.8-amd64 --with-arch-directory=amd64 --with-ecj-jar=/usr/share/java/eclipse-ecj.jar --enable-objc-gc --enable-multiarch --disable-werror --with-arch-32=i686 --with-abi=m64 --with-multilib-list=m32,m64,mx32 --with-tune=generic --enable-checking=release --build=x86_64-linux-gnu --host=x86_64-linux-gnu --target=x86_64-linux-gnu]
  ignore line: [Thread model: posix]
  ignore line: [gcc version 4.8.4 (Ubuntu 4.8.4-2ubuntu1~14.04.3) ]
  ignore line: [COMPILER_PATH=/usr/lib/gcc/x86_64-linux-gnu/4.8/:/usr/lib/gcc/x86_64-linux-gnu/4.8/:/usr/lib/gcc/x86_64-linux-gnu/:/usr/lib/gcc/x86_64-linux-gnu/4.8/:/usr/lib/gcc/x86_64-linux-gnu/]
  ignore line: [LIBRARY_PATH=/usr/lib/gcc/x86_64-linux-gnu/4.8/:/usr/lib/gcc/x86_64-linux-gnu/4.8/../../../x86_64-linux-gnu/:/usr/lib/gcc/x86_64-linux-gnu/4.8/../../../../lib/:/lib/x86_64-linux-gnu/:/lib/../lib/:/usr/lib/x86_64-linux-gnu/:/usr/lib/../lib/:/usr/lib/gcc/x86_64-linux-gnu/4.8/../../../:/lib/:/usr/lib/]
  ignore line: [COLLECT_GCC_OPTIONS='-v' '-o' 'cmTryCompileExec2923612987' '-rdynamic' '-shared-libgcc' '-mtune=generic' '-march=x86-64']
  link line: [ /usr/lib/gcc/x86_64-linux-gnu/4.8/collect2 --sysroot=/ --build-id --eh-frame-hdr -m elf_x86_64 --hash-style=gnu --as-needed -export-dynamic -dynamic-linker /lib64/ld-linux-x86-64.so.2 -z relro -o cmTryCompileExec2923612987 /usr/lib/gcc/x86_64-linux-gnu/4.8/../../../x86_64-linux-gnu/crt1.o /usr/lib/gcc/x86_64-linux-gnu/4.8/../../../x86_64-linux-gnu/crti.o /usr/lib/gcc/x86_64-linux-gnu/4.8/crtbegin.o -L/usr/lib/gcc/x86_64-linux-gnu/4.8 -L/usr/lib/gcc/x86_64-linux-gnu/4.8/../../../x86_64-linux-gnu -L/usr/lib/gcc/x86_64-linux-gnu/4.8/../../../../lib -L/lib/x86_64-linux-gnu -L/lib/../lib -L/usr/lib/x86_64-linux-gnu -L/usr/lib/../lib -L/usr/lib/gcc/x86_64-linux-gnu/4.8/../../.. CMakeFiles/cmTryCompileExec2923612987.dir/CMakeCXXCompilerABI.cpp.o -lstdc++ -lm -lgcc_s -lgcc -lc -lgcc_s -lgcc /usr/lib/gcc/x86_64-linux-gnu/4.8/crtend.o /usr/lib/gcc/x86_64-linux-gnu/4.8/../../../x86_64-linux-gnu/crtn.o]
    arg [/usr/lib/gcc/x86_64-linux-gnu/4.8/collect2] ==> ignore
    arg [--sysroot=/] ==> ignore
    arg [--build-id] ==> ignore
    arg [--eh-frame-hdr] ==> ignore
    arg [-m] ==> ignore
    arg [elf_x86_64] ==> ignore
    arg [--hash-style=gnu] ==> ignore
    arg [--as-needed] ==> ignore
    arg [-export-dynamic] ==> ignore
    arg [-dynamic-linker] ==> ignore
    arg [/lib64/ld-linux-x86-64.so.2] ==> ignore
    arg [-zrelro] ==> ignore
    arg [-o] ==> ignore
    arg [cmTryCompileExec2923612987] ==> ignore
    arg [/usr/lib/gcc/x86_64-linux-gnu/4.8/../../../x86_64-linux-gnu/crt1.o] ==> ignore
    arg [/usr/lib/gcc/x86_64-linux-gnu/4.8/../../../x86_64-linux-gnu/crti.o] ==> ignore
    arg [/usr/lib/gcc/x86_64-linux-gnu/4.8/crtbegin.o] ==> ignore
    arg [-L/usr/lib/gcc/x86_64-linux-gnu/4.8] ==> dir [/usr/lib/gcc/x86_64-linux-gnu/4.8]
    arg [-L/usr/lib/gcc/x86_64-linux-gnu/4.8/../../../x86_64-linux-gnu] ==> dir [/usr/lib/gcc/x86_64-linux-gnu/4.8/../../../x86_64-linux-gnu]
    arg [-L/usr/lib/gcc/x86_64-linux-gnu/4.8/../../../../lib] ==> dir [/usr/lib/gcc/x86_64-linux-gnu/4.8/../../../../lib]
    arg [-L/lib/x86_64-linux-gnu] ==> dir [/lib/x86_64-linux-gnu]
    arg [-L/lib/../lib] ==> dir [/lib/../lib]
    arg [-L/usr/lib/x86_64-linux-gnu] ==> dir [/usr/lib/x86_64-linux-gnu]
    arg [-L/usr/lib/../lib] ==> dir [/usr/lib/../lib]
    arg [-L/usr/lib/gcc/x86_64-linux-gnu/4.8/../../..] ==> dir [/usr/lib/gcc/x86_64-linux-gnu/4.8/../../..]
    arg [CMakeFiles/cmTryCompileExec2923612987.dir/CMakeCXXCompilerABI.cpp.o] ==> ignore
    arg [-lstdc++] ==> lib [stdc++]
    arg [-lm] ==> lib [m]
    arg [-lgcc_s] ==> lib [gcc_s]
    arg [-lgcc] ==> lib [gcc]
    arg [-lc] ==> lib [c]
    arg [-lgcc_s] ==> lib [gcc_s]
    arg [-lgcc] ==> lib [gcc]
    arg [/usr/lib/gcc/x86_64-linux-gnu/4.8/crtend.o] ==> ignore
    arg [/usr/lib/gcc/x86_64-linux-gnu/4.8/../../../x86_64-linux-gnu/crtn.o] ==> ignore
  remove lib [gcc_s]
  remove lib [gcc]
  remove lib [gcc_s]
  remove lib [gcc]
  collapse library dir [/usr/lib/gcc/x86_64-linux-gnu/4.8] ==> [/usr/lib/gcc/x86_64-linux-gnu/4.8]
  collapse library dir [/usr/lib/gcc/x86_64-linux-gnu/4.8/../../../x86_64-linux-gnu] ==> [/usr/lib/x86_64-linux-gnu]
  collapse library dir [/usr/lib/gcc/x86_64-linux-gnu/4.8/../../../../lib] ==> [/usr/lib]
  collapse library dir [/lib/x86_64-linux-gnu] ==> [/lib/x86_64-linux-gnu]
  collapse library dir [/lib/../lib] ==> [/lib]
  collapse library dir [/usr/lib/x86_64-linux-gnu] ==> [/usr/lib/x86_64-linux-gnu]
  collapse library dir [/usr/lib/../lib] ==> [/usr/lib]
  collapse library dir [/usr/lib/gcc/x86_64-linux-gnu/4.8/../../..] ==> [/usr/lib]
  implicit libs: [stdc++;m;c]
  implicit dirs: [/usr/lib/gcc/x86_64-linux-gnu/4.8;/usr/lib/x86_64-linux-gnu;/usr/lib;/lib/x86_64-linux-gnu;/lib]
  implicit fwks: []


Performing C++ SOURCE FILE Test CXX_HAS_FLAGS_WEXTRA succeded with the following output:
Change Dir: /home/chris/validation/code/build/CMakeFiles/CMakeTmp

Run Build Command:/usr/bin/make "cmTryCompileExec1403227992/fast"
/usr/bin/make -f CMakeFiles/cmTryCompileExec1403227992.dir/build.make CMakeFiles/cmTryCompileExec1403227992.dir/build
make[1]: Entering directory `/home/chris/validation/code/build/CMakeFiles/CMakeTmp'
/usr/bin/cmake -E cmake_progress_report /home/chris/validation/code/build/CMakeFiles/CMakeTmp/CMakeFiles 1
Building CXX object CMakeFiles/cmTryCompileExec1403227992.dir/src.cxx.o
/usr/bin/c++    -W -Wall -W -Wall -pedantic -Wno-long-long -DCXX_HAS_FLAGS_WEXTRA   -Wextra -o CMakeFiles/cmTryCompileExec1403227992.dir/src.cxx.o -c /home/chris/validation/code/build/CMakeFiles/CMakeTmp/src.cxx
Linking CXX executable cmTryCompileExec1403227992
/usr/bin/cmake -E cmake_link_script CMakeFiles/cmTryCompileExec1403227992.dir/link.txt --verbose=1
/usr/bin/c++    -W -Wall -W -Wall -pedantic -Wno-long-long -DCXX_HAS_FLAGS_WEXTRA    CMakeFiles/cmTryCompileExec1403227992.dir/src.cxx.o  -o cmTryCompileExec1403227992 -rdynamic 
make[1]: Leaving directory `/home/chris/validation/code/build/CMakeFiles/CMakeTmp'

Source file was:
int main() { return 0;}
Performing C++ SOURCE FILE Test CXX_HAS_TEMPLATE_DEPTH succeded with the following output:
Change Dir: /home/chris/validation/code/build/CMakeFiles/CMakeTmp

Run Build Command:/usr/bin/make "cmTryCompileExec3550121247/fast"
/usr/bin/make -f CMakeFiles/cmTryCompileExec3550121247.dir/build.make CMakeFiles/cmTryCompileExec3550121247.dir/build
make[1]: Entering directory `/home/chris/validation/code/build/CMakeFiles/CMakeTmp'
/usr/bin/cmake -E cmake_progress_report /home/chris/validation/code/build/CMakeFiles/CMakeTmp/CMakeFiles 1
Building CXX object CMakeFiles/cmTryCompileExec3550121247.dir/src.cxx.o
/usr/bin/c++    -W -Wall -W -Wall -pedantic -Wno-long-long -Wextra -DCXX_HAS_TEMPLATE_DEPTH   -ftemplate-depth=1024 -o CMakeFiles/cmTryCompileExec3550121247.dir/src.cxx.o -c /home/chris/validation/code/build/CMakeFiles/CMakeTmp/src.cxx
Linking CXX executable cmTryCompileExec3550121247
/usr/bin/cmake -E cmake_link_script CMakeFiles/cmTryCompileExec3550121247.dir/link.txt --verbose=1
/usr/bin/c++    -W -Wall -W -Wall -pedantic -Wno-long-long -Wextra -DCXX_HAS_TEMPLATE_DEPTH    CMakeFiles/cmTryCompileExec3550121247.dir/src.cxx.o  -o cmTryCompileExec3550121247 -rdynamic 
make[1]: Leaving directory `/home/chris/validation/code/build/CMakeFiles/CMakeTmp'

Source file was:
int main() { return 0;}
Performing C++ SOURCE FILE Test CXX_HAS_STD_CXX11 succeded with the following output:
Change Dir: /home/chris/validation/code/build/CMakeFiles/CMakeTmp

Run Build Command:/usr/bin/make "cmTryCompileExec21059115/fast"
/usr/bin/make -f CMakeFiles/cmTryCompileExec21059115.dir/build.make CMakeFiles/cmTryCompileExec21059115.dir/build
make[1]: Entering directory `/home/chris/validation/code/build/CMakeFiles/CMakeTmp'
/usr/bin/cmake -E cmake_progress_report /home/chris/validation/code/build/CMakeFiles/CMakeTmp/CMakeFiles 1
Building CXX object CMakeFiles/cmTryCompileExec21059115.dir/src.cxx.o
/usr/bin/c++    -W -Wall -W -Wall -pedantic -Wno-long-long -Wextra -ftemplate-depth=1024 -DCXX_HAS_STD_CXX11   -std=c++11 -o CMakeFiles/cmTryCompileExec21059115.dir/src.cxx.o -c /home/chris/validation/code/build/CMakeFiles/CMakeTmp/src.cxx
Linking CXX executable cmTryCompileExec21059115
/usr/bin/cmake -E cmake_link_script CMakeFiles/cmTryCompileExec21059115.dir/link.txt --verbose=1
/usr/bin/c++    -W -Wall -W -Wall -pedantic -Wno-long-long -Wextra -ftemplate-depth=1024 -DCXX_HAS_STD_CXX11    CMakeFiles/cmTryCompileExec21059115.dir/src.cxx.o  -o cmTryCompileExec21059115 -rdynamic 
make[1]: Leaving directory `/home/chris/validation/code/build/CMakeFiles/CMakeTmp'

Source file was:
int main() { return 0;}
Performing C++ SOURCE FILE Test STXXL_HAVE_CXX11_RANGE_FOR_LOOP succeded with the following output:
Change Dir: /home/chris/validation/code/build/CMakeFiles/CMakeTmp

Run Build Command:/usr/bin/make "cmTryCompileExec3567157182/fast"
/usr/bin/make -f CMakeFiles/cmTryCompileExec3567157182.dir/build.make CMakeFiles/cmTryCompileExec3567157182.dir/build
make[1]: Entering directory `/home/chris/validation/code/build/CMakeFiles/CMakeTmp'
/usr/bin/cmake -E cmake_progress_report /home/chris/validation/code/build/CMakeFiles/CMakeTmp/CMakeFiles 1
Building CXX object CMakeFiles/cmTryCompileExec3567157182.dir/src.cxx.o
/usr/bin/c++    -W -Wall -W -Wall -pedantic -Wno-long-long -Wextra -ftemplate-depth=1024 -std=c++11 -DSTXXL_HAVE_CXX11_RANGE_FOR_LOOP   -o CMakeFiles/cmTryCompileExec3567157182.dir/src.cxx.o -c /home/chris/validation/code/build/CMakeFiles/CMakeTmp/src.cxx
Linking CXX executable cmTryCompileExec3567157182
/usr/bin/cmake -E cmake_link_script CMakeFiles/cmTryCompileExec3567157182.dir/link.txt --verbose=1
/usr/bin/c++    -W -Wall -W -Wall -pedantic -Wno-long-long -Wextra -ftemplate-depth=1024 -std=c++11 -DSTXXL_HAVE_CXX11_RANGE_FOR_LOOP    CMakeFiles/cmTryCompileExec3567157182.dir/src.cxx.o  -o cmTryCompileExec3567157182 -rdynamic 
make[1]: Leaving directory `/home/chris/validation/code/build/CMakeFiles/CMakeTmp'

Source file was:
#include <vector>
   int main() { std::vector<int> v(42); for (auto i : v) { ++i; } return 0; }
Determining if files pthread.h exist passed with the following output:
Change Dir: /home/chris/validation/code/build/CMakeFiles/CMakeTmp

Run Build Command:/usr/bin/make "cmTryCompileExec437778927/fast"
/usr/bin/make -f CMakeFiles/cmTryCompileExec437778927.dir/build.make CMakeFiles/cmTryCompileExec437778927.dir/build
make[1]: Entering directory `/home/chris/validation/code/build/CMakeFiles/CMakeTmp'
/usr/bin/cmake -E cmake_progress_report /home/chris/validation/code/build/CMakeFiles/CMakeTmp/CMakeFiles 1
Building C object CMakeFiles/cmTryCompileExec437778927.dir/CheckIncludeFiles.c.o
/usr/bin/cc    -o CMakeFiles/cmTryCompileExec437778927.dir/CheckIncludeFiles.c.o   -c /home/chris/validation/code/build/CMakeFiles/CMakeTmp/CheckIncludeFiles.c
Linking C executable cmTryCompileExec437778927
/usr/bin/cmake -E cmake_link_script CMakeFiles/cmTryCompileExec437778927.dir/link.txt --verbose=1
/usr/bin/cc       CMakeFiles/cmTryCompileExec437778927.dir/CheckIncludeFiles.c.o  -o cmTryCompileExec437778927 -rdynamic 
make[1]: Leaving directory `/home/chris/validation/code/build/CMakeFiles/CMakeTmp'


Determining if the function pthread_create exists in the pthread passed with the following output:
Change Dir: /home/chris/validation/code/build/CMakeFiles/CMakeTmp

Run Build Command:/usr/bin/make "cmTryCompileExec504526896/fast"
/usr/bin/make -f CMakeFiles/cmTryCompileExec504526896.dir/build.make CMakeFiles/cmTryCompileExec504526896.dir/build
make[1]: Entering directory `/home/chris/validation/code/build/CMakeFiles/CMakeTmp'
/usr/bin/cmake -E cmake_progress_report /home/chris/validation/code/build/CMakeFiles/CMakeTmp/CMakeFiles 1
Building C object CMakeFiles/cmTryCompileExec504526896.dir/CheckFunctionExists.c.o
/usr/bin/cc   -DCHECK_FUNCTION_EXISTS=pthread_create   -o CMakeFiles/cmTryCompileExec504526896.dir/CheckFunctionExists.c.o   -c /usr/share/cmake-2.8/Modules/CheckFunctionExists.c
Linking C executable cmTryCompileExec504526896
/usr/bin/cmake -E cmake_link_script CMakeFiles/cmTryCompileExec504526896.dir/link.txt --verbose=1
/usr/bin/cc   -DCHECK_FUNCTION_EXISTS=pthread_create    CMakeFiles/cmTryCompileExec504526896.dir/CheckFunctionExists.c.o  -o cmTryCompileExec504526896 -rdynamic -lpthread 
make[1]: Leaving directory `/home/chris/validation/code/build/CMakeFiles/CMakeTmp'


Performing C++ SOURCE FILE Test STXXL_HAVE_O_DIRECT succeded with the following output:
Change Dir: /home/chris/validation/code/build/CMakeFiles/CMakeTmp

Run Build Command:/usr/bin/make "cmTryCompileExec3552719981/fast"
/usr/bin/make -f CMakeFiles/cmTryCompileExec3552719981.dir/build.make CMakeFiles/cmTryCompileExec3552719981.dir/build
make[1]: Entering directory `/home/chris/validation/code/build/CMakeFiles/CMakeTmp'
/usr/bin/cmake -E cmake_progress_report /home/chris/validation/code/build/CMakeFiles/CMakeTmp/CMakeFiles 1
Building CXX object CMakeFiles/cmTryCompileExec3552719981.dir/src.cxx.o
/usr/bin/c++    -W -Wall -W -Wall -pedantic -Wno-long-long -Wextra -ftemplate-depth=1024 -std=c++11 -DSTXXL_HAVE_O_DIRECT   -o CMakeFiles/cmTryCompileExec3552719981.dir/src.cxx.o -c /home/chris/validation/code/build/CMakeFiles/CMakeTmp/src.cxx
/home/chris/validation/code/build/CMakeFiles/CMakeTmp/src.cxx: In function ‘int main(int, char**)’:
/home/chris/validation/code/build/CMakeFiles/CMakeTmp/src.cxx:4:5: warning: parameter ‘argc’ set but not used [-Wunused-but-set-parameter]
 int main(int argc, char * argv[]) { argc = O_DIRECT; }
     ^
/home/chris/validation/code/build/CMakeFiles/CMakeTmp/src.cxx: At global scope:
/home/chris/validation/code/build/CMakeFiles/CMakeTmp/src.cxx:4:5: warning: unused parameter ‘argv’ [-Wunused-parameter]
Linking CXX executable cmTryCompileExec3552719981
/usr/bin/cmake -E cmake_link_script CMakeFiles/cmTryCompileExec3552719981.dir/link.txt --verbose=1
/usr/bin/c++    -W -Wall -W -Wall -pedantic -Wno-long-long -Wextra -ftemplate-depth=1024 -std=c++11 -DSTXXL_HAVE_O_DIRECT    CMakeFiles/cmTryCompileExec3552719981.dir/src.cxx.o  -o cmTryCompileExec3552719981 -rdynamic 
make[1]: Leaving directory `/home/chris/validation/code/build/CMakeFiles/CMakeTmp'

Source file was:

#include <unistd.h>
#include <fcntl.h>
int main(int argc, char * argv[]) { argc = O_DIRECT; }

Determining if the mmap exist passed with the following output:
Change Dir: /home/chris/validation/code/build/CMakeFiles/CMakeTmp

Run Build Command:/usr/bin/make "cmTryCompileExec367698433/fast"
/usr/bin/make -f CMakeFiles/cmTryCompileExec367698433.dir/build.make CMakeFiles/cmTryCompileExec367698433.dir/build
make[1]: Entering directory `/home/chris/validation/code/build/CMakeFiles/CMakeTmp'
/usr/bin/cmake -E cmake_progress_report /home/chris/validation/code/build/CMakeFiles/CMakeTmp/CMakeFiles 1
Building C object CMakeFiles/cmTryCompileExec367698433.dir/CheckSymbolExists.c.o
/usr/bin/cc    -o CMakeFiles/cmTryCompileExec367698433.dir/CheckSymbolExists.c.o   -c /home/chris/validation/code/build/CMakeFiles/CMakeTmp/CheckSymbolExists.c
Linking C executable cmTryCompileExec367698433
/usr/bin/cmake -E cmake_link_script CMakeFiles/cmTryCompileExec367698433.dir/link.txt --verbose=1
/usr/bin/cc       CMakeFiles/cmTryCompileExec367698433.dir/CheckSymbolExists.c.o  -o cmTryCompileExec367698433 -rdynamic 
make[1]: Leaving directory `/home/chris/validation/code/build/CMakeFiles/CMakeTmp'

File /home/chris/validation/code/build/CMakeFiles/CMakeTmp/CheckSymbolExists.c:
/* */
#include <sys/mman.h>

int main(int argc, char** argv)
{
  (void)argv;
#ifndef mmap
  return ((int*)(&mmap))[argc];
#else
  (void)argc;
  return 0;
#endif
}

Performing C++ SOURCE FILE Test STXXL_HAVE_SYNC_ADD_AND_FETCH succeded with the following output:
Change Dir: /home/chris/validation/code/build/CMakeFiles/CMakeTmp

Run Build Command:/usr/bin/make "cmTryCompileExec4288262218/fast"
/usr/bin/make -f CMakeFiles/cmTryCompileExec4288262218.dir/build.make CMakeFiles/cmTryCompileExec4288262218.dir/build
make[1]: Entering directory `/home/chris/validation/code/build/CMakeFiles/CMakeTmp'
/usr/bin/cmake -E cmake_progress_report /home/chris/validation/code/build/CMakeFiles/CMakeTmp/CMakeFiles 1
Building CXX object CMakeFiles/cmTryCompileExec4288262218.dir/src.cxx.o
/usr/bin/c++    -W -Wall -W -Wall -pedantic -Wno-long-long -Wextra -ftemplate-depth=1024 -std=c++11 -DSTXXL_HAVE_SYNC_ADD_AND_FETCH   -o CMakeFiles/cmTryCompileExec4288262218.dir/src.cxx.o -c /home/chris/validation/code/build/CMakeFiles/CMakeTmp/src.cxx
Linking CXX executable cmTryCompileExec4288262218
/usr/bin/cmake -E cmake_link_script CMakeFiles/cmTryCompileExec4288262218.dir/link.txt --verbose=1
/usr/bin/c++    -W -Wall -W -Wall -pedantic -Wno-long-long -Wextra -ftemplate-depth=1024 -std=c++11 -DSTXXL_HAVE_SYNC_ADD_AND_FETCH    CMakeFiles/cmTryCompileExec4288262218.dir/src.cxx.o  -o cmTryCompileExec4288262218 -rdynamic 
make[1]: Leaving directory `/home/chris/validation/code/build/CMakeFiles/CMakeTmp'

Source file was:
int main() { int x; __sync_add_and_fetch(&x, +1); return 0; }
Performing C SOURCE FILE Test OpenMP_FLAG_DETECTED succeded with the following output:
Change Dir: /home/chris/validation/code/build/CMakeFiles/CMakeTmp

Run Build Command:/usr/bin/make "cmTryCompileExec4139792448/fast"
/usr/bin/make -f CMakeFiles/cmTryCompileExec4139792448.dir/build.make CMakeFiles/cmTryCompileExec4139792448.dir/build
make[1]: Entering directory `/home/chris/validation/code/build/CMakeFiles/CMakeTmp'
/usr/bin/cmake -E cmake_progress_report /home/chris/validation/code/build/CMakeFiles/CMakeTmp/CMakeFiles 1
Building C object CMakeFiles/cmTryCompileExec4139792448.dir/src.c.o
/usr/bin/cc   -DOpenMP_FLAG_DETECTED -fopenmp   -o CMakeFiles/cmTryCompileExec4139792448.dir/src.c.o   -c /home/chris/validation/code/build/CMakeFiles/CMakeTmp/src.c
Linking C executable cmTryCompileExec4139792448
/usr/bin/cmake -E cmake_link_script CMakeFiles/cmTryCompileExec4139792448.dir/link.txt --verbose=1
/usr/bin/cc   -DOpenMP_FLAG_DETECTED -fopenmp    CMakeFiles/cmTryCompileExec4139792448.dir/src.c.o  -o cmTryCompileExec4139792448 -rdynamic 
make[1]: Leaving directory `/home/chris/validation/code/build/CMakeFiles/CMakeTmp'

Source file was:

#include <omp.h>
int main() {
#ifdef _OPENMP
  return 0;
#else
  breaks_on_purpose
#endif
}

Performing C++ SOURCE FILE Test OpenMP_FLAG_DETECTED succeded with the following output:
Change Dir: /home/chris/validation/code/build/CMakeFiles/CMakeTmp

Run Build Command:/usr/bin/make "cmTryCompileExec3973221183/fast"
/usr/bin/make -f CMakeFiles/cmTryCompileExec3973221183.dir/build.make CMakeFiles/cmTryCompileExec3973221183.dir/build
make[1]: Entering directory `/home/chris/validation/code/build/CMakeFiles/CMakeTmp'
/usr/bin/cmake -E cmake_progress_report /home/chris/validation/code/build/CMakeFiles/CMakeTmp/CMakeFiles 1
Building CXX object CMakeFiles/cmTryCompileExec3973221183.dir/src.cxx.o
/usr/bin/c++    -W -Wall -W -Wall -pedantic -Wno-long-long -Wextra -ftemplate-depth=1024 -std=c++11 -DOpenMP_FLAG_DETECTED -fopenmp   -o CMakeFiles/cmTryCompileExec3973221183.dir/src.cxx.o -c /home/chris/validation/code/build/CMakeFiles/CMakeTmp/src.cxx
Linking CXX executable cmTryCompileExec3973221183
/usr/bin/cmake -E cmake_link_script CMakeFiles/cmTryCompileExec3973221183.dir/link.txt --verbose=1
/usr/bin/c++    -W -Wall -W -Wall -pedantic -Wno-long-long -Wextra -ftemplate-depth=1024 -std=c++11 -DOpenMP_FLAG_DETECTED -fopenmp    CMakeFiles/cmTryCompileExec3973221183.dir/src.cxx.o  -o cmTryCompileExec3973221183 -rdynamic 
make[1]: Leaving directory `/home/chris/validation/code/build/CMakeFiles/CMakeTmp'

Source file was:

#include <omp.h>
int main() {
#ifdef _OPENMP
  return 0;
#else
  breaks_on_purpose
#endif
}

Determining if the include file parallel/algorithm exists passed with the following output:
Change Dir: /home/chris/validation/code/build/CMakeFiles/CMakeTmp

Run Build Command:/usr/bin/make "cmTryCompileExec1461330653/fast"
/usr/bin/make -f CMakeFiles/cmTryCompileExec1461330653.dir/build.make CMakeFiles/cmTryCompileExec1461330653.dir/build
make[1]: Entering directory `/home/chris/validation/code/build/CMakeFiles/CMakeTmp'
/usr/bin/cmake -E cmake_progress_report /home/chris/validation/code/build/CMakeFiles/CMakeTmp/CMakeFiles 1
Building CXX object CMakeFiles/cmTryCompileExec1461330653.dir/CheckIncludeFile.cxx.o
/usr/bin/c++    -W -Wall -W -Wall -pedantic -Wno-long-long -Wextra -ftemplate-depth=1024 -std=c++11    -o CMakeFiles/cmTryCompileExec1461330653.dir/CheckIncludeFile.cxx.o -c /home/chris/validation/code/build/CMakeFiles/CMakeTmp/CheckIncludeFile.cxx
Linking CXX executable cmTryCompileExec1461330653
/usr/bin/cmake -E cmake_link_script CMakeFiles/cmTryCompileExec1461330653.dir/link.txt --verbose=1
/usr/bin/c++    -W -Wall -W -Wall -pedantic -Wno-long-long -Wextra -ftemplate-depth=1024 -std=c++11     CMakeFiles/cmTryCompileExec1461330653.dir/CheckIncludeFile.cxx.o  -o cmTryCompileExec1461330653 -rdynamic 
make[1]: Leaving directory `/home/chris/validation/code/build/CMakeFiles/CMakeTmp'


Determining if the mallinfo exist passed with the following output:
Change Dir: /home/chris/validation/code/build/CMakeFiles/CMakeTmp

Run Build Command:/usr/bin/make "cmTryCompileExec2541263034/fast"
/usr/bin/make -f CMakeFiles/cmTryCompileExec2541263034.dir/build.make CMakeFiles/cmTryCompileExec2541263034.dir/build
make[1]: Entering directory `/home/chris/validation/code/build/CMakeFiles/CMakeTmp'
/usr/bin/cmake -E cmake_progress_report /home/chris/validation/code/build/CMakeFiles/CMakeTmp/CMakeFiles 1
Building C object CMakeFiles/cmTryCompileExec2541263034.dir/CheckSymbolExists.c.o
/usr/bin/cc   -fopenmp    -o CMakeFiles/cmTryCompileExec2541263034.dir/CheckSymbolExists.c.o   -c /home/chris/validation/code/build/CMakeFiles/CMakeTmp/CheckSymbolExists.c
Linking C executable cmTryCompileExec2541263034
/usr/bin/cmake -E cmake_link_script CMakeFiles/cmTryCompileExec2541263034.dir/link.txt --verbose=1
/usr/bin/cc   -fopenmp     CMakeFiles/cmTryCompileExec2541263034.dir/CheckSymbolExists.c.o  -o cmTryCompileExec2541263034 -rdynamic 
make[1]: Leaving directory `/home/chris/validation/code/build/CMakeFiles/CMakeTmp'

File /home/chris/validation/code/build/CMakeFiles/CMakeTmp/CheckSymbolExists.c:
/* */
#include <malloc.h>

int main(int argc, char** argv)
{
  (void)argv;
#ifndef mallinfo
  return ((int*)(&mallinfo))[argc];
#else
  (void)argc;
  return 0;
#endif
}

Determining if the mlock exist passed with the following output:
Change Dir: /home/chris/validation/code/build/CMakeFiles/CMakeTmp

Run Build Command:/usr/bin/make "cmTryCompileExec3192768288/fast"
/usr/bin/make -f CMakeFiles/cmTryCompileExec3192768288.dir/build.make CMakeFiles/cmTryCompileExec3192768288.dir/build
make[1]: Entering directory `/home/chris/validation/code/build/CMakeFiles/CMakeTmp'
/usr/bin/cmake -E cmake_progress_report /home/chris/validation/code/build/CMakeFiles/CMakeTmp/CMakeFiles 1
Building C object CMakeFiles/cmTryCompileExec3192768288.dir/CheckSymbolExists.c.o
/usr/bin/cc   -fopenmp    -o CMakeFiles/cmTryCompileExec3192768288.dir/CheckSymbolExists.c.o   -c /home/chris/validation/code/build/CMakeFiles/CMakeTmp/CheckSymbolExists.c
Linking C executable cmTryCompileExec3192768288
/usr/bin/cmake -E cmake_link_script CMakeFiles/cmTryCompileExec3192768288.dir/link.txt --verbose=1
/usr/bin/cc   -fopenmp     CMakeFiles/cmTryCompileExec3192768288.dir/CheckSymbolExists.c.o  -o cmTryCompileExec3192768288 -rdynamic 
make[1]: Leaving directory `/home/chris/validation/code/build/CMakeFiles/CMakeTmp'

File /home/chris/validation/code/build/CMakeFiles/CMakeTmp/CheckSymbolExists.c:
/* */
#include <sys/mman.h>

int main(int argc, char** argv)
{
  (void)argv;
#ifndef mlock
  return ((int*)(&mlock))[argc];
#else
  (void)argc;
  return 0;
#endif
}

